2025-01-23 11:04:01,810 INFO Starting Nacos v2.5.0 using Java 1.8.0_432 on 1e5b7b1a5c2f with PID 1 (/home/nacos/target/nacos-server.jar started by root in /home/nacos)

2025-01-23 11:04:01,820 INFO The following 1 profile is active: "standalone"

2025-01-23 11:04:02,893 INFO Load Nacos package exclude filter success, package prefix com.alibaba.nacos.config.server, filter com.alibaba.nacos.config.server.filter.ConfigEnabledFilter

2025-01-23 11:04:02,893 INFO Load Nacos package exclude filter success, package prefix com.alibaba.nacos.naming, filter com.alibaba.nacos.naming.config.NamingEnabledFilter

2025-01-23 11:04:02,894 INFO Load Nacos package exclude filter success, package prefix com.alibaba.nacos.istio, filter com.alibaba.nacos.istio.config.IstioEnabledFilter

2025-01-23 11:04:03,931 INFO Skip @SpringBootApplication annotation for class com.alibaba.nacos.config.server.Config to avoid duplicate scan

2025-01-23 11:04:04,695 INFO Skip @SpringBootApplication annotation for class com.alibaba.nacos.naming.NamingApp to avoid duplicate scan

2025-01-23 11:04:04,799 INFO Skip @SpringBootApplication annotation for class com.alibaba.nacos.cmdb.CmdbApp to avoid duplicate scan

2025-01-23 11:04:04,901 WARN Istio module disabled because set nacos.extension.naming.istio.enabled as false

2025-01-23 11:04:04,908 WARN Istio module disabled because set nacos.extension.naming.istio.enabled as false

2025-01-23 11:04:04,910 WARN Istio module disabled because set nacos.extension.naming.istio.enabled as false

2025-01-23 11:04:04,918 WARN Istio module disabled because set nacos.extension.naming.istio.enabled as false

2025-01-23 11:04:04,919 WARN Istio module disabled because set nacos.extension.naming.istio.enabled as false

2025-01-23 11:04:04,927 WARN Istio module disabled because set nacos.extension.naming.istio.enabled as false

2025-01-23 11:04:04,928 WARN Istio module disabled because set nacos.extension.naming.istio.enabled as false

2025-01-23 11:04:04,929 WARN Istio module disabled because set nacos.extension.naming.istio.enabled as false

2025-01-23 11:04:04,931 WARN Istio module disabled because set nacos.extension.naming.istio.enabled as false

2025-01-23 11:04:04,936 WARN Istio module disabled because set nacos.extension.naming.istio.enabled as false

2025-01-23 11:04:04,939 WARN Istio module disabled because set nacos.extension.naming.istio.enabled as false

2025-01-23 11:04:04,945 WARN Istio module disabled because set nacos.extension.naming.istio.enabled as false

2025-01-23 11:04:04,947 WARN Istio module disabled because set nacos.extension.naming.istio.enabled as false

2025-01-23 11:04:04,948 WARN Istio module disabled because set nacos.extension.naming.istio.enabled as false

2025-01-23 11:04:04,949 WARN Istio module disabled because set nacos.extension.naming.istio.enabled as false

2025-01-23 11:04:04,954 WARN Istio module disabled because set nacos.extension.naming.istio.enabled as false

2025-01-23 11:04:04,955 WARN Istio module disabled because set nacos.extension.naming.istio.enabled as false

2025-01-23 11:04:04,956 WARN Istio module disabled because set nacos.extension.naming.istio.enabled as false

2025-01-23 11:04:04,957 WARN Istio module disabled because set nacos.extension.naming.istio.enabled as false

2025-01-23 11:04:04,959 WARN Istio module disabled because set nacos.extension.naming.istio.enabled as false

2025-01-23 11:04:04,959 WARN Istio module disabled because set nacos.extension.naming.istio.enabled as false

2025-01-23 11:04:04,961 WARN Istio module disabled because set nacos.extension.naming.istio.enabled as false

2025-01-23 11:04:04,962 WARN Istio module disabled because set nacos.extension.naming.istio.enabled as false

2025-01-23 11:04:04,964 WARN Istio module disabled because set nacos.extension.naming.istio.enabled as false

2025-01-23 11:04:04,964 WARN Istio module disabled because set nacos.extension.naming.istio.enabled as false

2025-01-23 11:04:04,964 INFO Skip @SpringBootApplication annotation for class com.alibaba.nacos.istio.IstioApp to avoid duplicate scan

2025-01-23 11:04:04,964 WARN Istio module disabled because set nacos.extension.naming.istio.enabled as false

2025-01-23 11:04:04,964 WARN Istio module disabled because set nacos.extension.naming.istio.enabled as false

2025-01-23 11:04:04,964 WARN Istio module disabled because set nacos.extension.naming.istio.enabled as false

2025-01-23 11:04:04,980 WARN Istio module disabled because set nacos.extension.naming.istio.enabled as false

2025-01-23 11:04:04,981 WARN Istio module disabled because set nacos.extension.naming.istio.enabled as false

2025-01-23 11:04:04,981 WARN Istio module disabled because set nacos.extension.naming.istio.enabled as false

2025-01-23 11:04:04,981 WARN Istio module disabled because set nacos.extension.naming.istio.enabled as false

2025-01-23 11:04:04,982 WARN Istio module disabled because set nacos.extension.naming.istio.enabled as false

2025-01-23 11:04:04,982 WARN Istio module disabled because set nacos.extension.naming.istio.enabled as false

2025-01-23 11:04:04,982 WARN Istio module disabled because set nacos.extension.naming.istio.enabled as false

2025-01-23 11:04:04,983 WARN Istio module disabled because set nacos.extension.naming.istio.enabled as false

2025-01-23 11:04:06,521 INFO Skip @SpringBootApplication annotation for class com.alibaba.nacos.prometheus.PrometheusApp to avoid duplicate scan

2025-01-23 11:04:26,112 INFO Tomcat initialized with port(s): 8848 (http)

2025-01-23 11:04:26,205 INFO Starting service [Tomcat]

2025-01-23 11:04:26,206 INFO Starting Servlet engine: [Apache Tomcat/9.0.98]

2025-01-23 11:04:26,775 INFO Initializing Spring embedded WebApplicationContext

2025-01-23 11:04:26,775 INFO Root WebApplicationContext: initialization completed in 24376 ms

2025-01-23 11:04:27,657 INFO Not found ServerIdentityChecker implementation from SPI, use default.

2025-01-23 11:04:29,883 INFO Nacos-related cluster resource initialization

2025-01-23 11:04:29,956 INFO Load com.alibaba.nacos.core.ability.RemoteAbilityInitializer for ServerAbilityInitializer

2025-01-23 11:04:29,956 INFO Load com.alibaba.nacos.naming.ability.NamingAbilityInitializer for ServerAbilityInitializer

2025-01-23 11:04:30,007 INFO The cluster resource is initialized

2025-01-23 11:04:31,469 WARN The secret Key currently in use is not a standard Base64 encoding and will no longer be supported in future versions;

2025-01-23 11:04:36,964 INFO HikariPool-1 - Starting...

2025-01-23 11:04:36,987 WARN Registered driver with driverClassName=org.apache.derby.jdbc.EmbeddedDriver was not found, trying direct instantiation.

2025-01-23 11:04:38,373 INFO HikariPool-1 - Driver does not support get/set network timeout for connections. (Feature not implemented: No details.)

2025-01-23 11:04:38,387 INFO HikariPool-1 - Start completed.

2025-01-23 11:04:47,017 INFO [MapperManager] Load Mapper(class com.alibaba.nacos.plugin.datasource.impl.mysql.ConfigInfoBetaMapperByMySql) datasource(mysql) tableName(config_info_beta) successfully.

2025-01-23 11:04:47,018 INFO [MapperManager] Load Mapper(class com.alibaba.nacos.plugin.datasource.impl.mysql.ConfigInfoMapperByMySql) datasource(mysql) tableName(config_info) successfully.

2025-01-23 11:04:47,018 INFO [MapperManager] Load Mapper(class com.alibaba.nacos.plugin.datasource.impl.mysql.ConfigInfoTagMapperByMySql) datasource(mysql) tableName(config_info_tag) successfully.

2025-01-23 11:04:47,018 INFO [MapperManager] Load Mapper(class com.alibaba.nacos.plugin.datasource.impl.mysql.ConfigInfoGrayMapperByMySql) datasource(mysql) tableName(config_info_gray) successfully.

2025-01-23 11:04:47,018 INFO [MapperManager] Load Mapper(class com.alibaba.nacos.plugin.datasource.impl.mysql.ConfigTagsRelationMapperByMySql) datasource(mysql) tableName(config_tags_relation) successfully.

2025-01-23 11:04:47,018 INFO [MapperManager] Load Mapper(class com.alibaba.nacos.plugin.datasource.impl.mysql.HistoryConfigInfoMapperByMySql) datasource(mysql) tableName(his_config_info) successfully.

2025-01-23 11:04:47,018 INFO [MapperManager] Load Mapper(class com.alibaba.nacos.plugin.datasource.impl.mysql.TenantInfoMapperByMySql) datasource(mysql) tableName(tenant_info) successfully.

2025-01-23 11:04:47,018 INFO [MapperManager] Load Mapper(class com.alibaba.nacos.plugin.datasource.impl.mysql.TenantCapacityMapperByMySql) datasource(mysql) tableName(tenant_capacity) successfully.

2025-01-23 11:04:47,019 INFO [MapperManager] Load Mapper(class com.alibaba.nacos.plugin.datasource.impl.mysql.GroupCapacityMapperByMysql) datasource(mysql) tableName(group_capacity) successfully.

2025-01-23 11:04:47,019 INFO [MapperManager] Load Mapper(class com.alibaba.nacos.plugin.datasource.impl.derby.ConfigInfoBetaMapperByDerby) datasource(derby) tableName(config_info_beta) successfully.

2025-01-23 11:04:47,019 INFO [MapperManager] Load Mapper(class com.alibaba.nacos.plugin.datasource.impl.derby.ConfigInfoMapperByDerby) datasource(derby) tableName(config_info) successfully.

2025-01-23 11:04:47,019 INFO [MapperManager] Load Mapper(class com.alibaba.nacos.plugin.datasource.impl.derby.ConfigInfoTagMapperByDerby) datasource(derby) tableName(config_info_tag) successfully.

2025-01-23 11:04:47,019 INFO [MapperManager] Load Mapper(class com.alibaba.nacos.plugin.datasource.impl.derby.ConfigInfoGrayMapperByDerby) datasource(derby) tableName(config_info_gray) successfully.

2025-01-23 11:04:47,019 INFO [MapperManager] Load Mapper(class com.alibaba.nacos.plugin.datasource.impl.derby.ConfigInfoTagsRelationMapperByDerby) datasource(derby) tableName(config_tags_relation) successfully.

2025-01-23 11:04:47,020 INFO [MapperManager] Load Mapper(class com.alibaba.nacos.plugin.datasource.impl.derby.HistoryConfigInfoMapperByDerby) datasource(derby) tableName(his_config_info) successfully.

2025-01-23 11:04:47,020 INFO [MapperManager] Load Mapper(class com.alibaba.nacos.plugin.datasource.impl.derby.TenantInfoMapperByDerby) datasource(derby) tableName(tenant_info) successfully.

2025-01-23 11:04:47,020 INFO [MapperManager] Load Mapper(class com.alibaba.nacos.plugin.datasource.impl.derby.TenantCapacityMapperByDerby) datasource(derby) tableName(tenant_capacity) successfully.

2025-01-23 11:04:47,020 INFO [MapperManager] Load Mapper(class com.alibaba.nacos.plugin.datasource.impl.derby.GroupCapacityMapperByDerby) datasource(derby) tableName(group_capacity) successfully.

2025-01-23 11:04:48,463 INFO ConfigQueryHandlerChain has been initialized successfully with chain: nacos

2025-01-23 11:04:50,563 INFO [ConfigCacheFactoryDelegate] Matched ConfigCacheFactory not found, Load Default NacosConfigCacheFactory successfully.

2025-01-23 11:04:50,918 INFO [ConfigCachePostProcessorDelegate] Matched ConfigCachePostProcessor not found, load Default NacosConfigCachePostProcessor successfully

2025-01-23 11:04:51,664 INFO Get historyConfigCleaner config from env, activeHistoryConfigCleaner{ activeHistoryConfigCleaner=nacos}

2025-01-23 11:04:58,956 INFO Ready to get current node abilities...

2025-01-23 11:04:59,017 INFO Ready to initialize current node abilities, support modes: [CLUSTER_CLIENT, SDK_CLIENT, SERVER]

2025-01-23 11:04:59,018 INFO Initialize current abilities finish...

2025-01-23 11:04:59,048 INFO Ready to get current node abilities...

2025-01-23 11:04:59,063 INFO Ready to initialize current node abilities, support modes: [SDK_CLIENT]

2025-01-23 11:04:59,067 INFO Initialize current abilities finish...

2025-01-23 11:04:59,070 INFO [AbilityControlManager] Successfully initialize AbilityControlManager

2025-01-23 11:05:29,223 INFO Will secure any request with [org.springframework.security.web.session.DisableEncodeUrlFilter@3936df72, org.springframework.security.web.context.request.async.WebAsyncManagerIntegrationFilter@e8e0dec, org.springframework.security.web.context.SecurityContextPersistenceFilter@56913163, org.springframework.security.web.header.HeaderWriterFilter@3d5790ea, org.springframework.security.web.csrf.CsrfFilter@4fc142ec, org.springframework.security.web.authentication.logout.LogoutFilter@2ab0702e, org.springframework.security.web.savedrequest.RequestCacheAwareFilter@a18649a, org.springframework.security.web.servletapi.SecurityContextHolderAwareRequestFilter@396639b, org.springframework.security.web.authentication.AnonymousAuthenticationFilter@12d1f1d4, org.springframework.security.web.session.SessionManagementFilter@67a3bd51, org.springframework.security.web.access.ExceptionTranslationFilter@79d9214d]

2025-01-23 11:05:35,787 INFO Adding welcome page: class path resource [static/index.html]

2025-01-23 11:05:49,655 INFO Exposing 1 endpoint(s) beneath base path '/actuator'

2025-01-23 11:05:50,208 WARN You are asking Spring Security to ignore Ant [pattern='/**']. This is not recommended -- please use permitAll via HttpSecurity#authorizeHttpRequests instead.

2025-01-23 11:05:50,281 INFO Will not secure Ant [pattern='/**']

2025-01-23 11:05:50,321 WARN You are asking Spring Security to ignore Mvc [pattern='/prometheus']. This is not recommended -- please use permitAll via HttpSecurity#authorizeHttpRequests instead.

2025-01-23 11:05:50,334 INFO Will not secure Mvc [pattern='/prometheus']

2025-01-23 11:05:50,335 WARN You are asking Spring Security to ignore Mvc [pattern='/prometheus/namespaceId/{namespaceId}']. This is not recommended -- please use permitAll via HttpSecurity#authorizeHttpRequests instead.

2025-01-23 11:05:50,344 INFO Will not secure Mvc [pattern='/prometheus/namespaceId/{namespaceId}']

2025-01-23 11:05:50,348 WARN You are asking Spring Security to ignore Mvc [pattern='/prometheus/namespaceId/{namespaceId}/service/{service}']. This is not recommended -- please use permitAll via HttpSecurity#authorizeHttpRequests instead.

2025-01-23 11:05:50,352 INFO Will not secure Mvc [pattern='/prometheus/namespaceId/{namespaceId}/service/{service}']

2025-01-23 11:06:40,388 INFO [HttpClientBeanHolder] Start destroying common HttpClient

2025-01-23 11:06:40,385 INFO [ThreadPoolManager] Start destroying ThreadPool

2025-01-23 11:06:40,385 WARN [WatchFileCenter] start close

2025-01-23 11:06:39,871 INFO [NotifyCenter] Start destroying Publisher

2025-01-23 11:06:40,588 WARN [WatchFileCenter] start to shutdown this watcher which is watch : /home/nacos/conf

2025-01-23 11:06:40,608 INFO [NotifyCenter] Completed destruction of Publisher

2025-01-23 11:06:40,648 INFO [HttpClientBeanHolder] Completed destruction of HttpClient

2025-01-23 11:06:40,774 WARN [WatchFileCenter] already closed

2025-01-23 11:06:41,915 INFO [ThreadPoolManager] Completed destruction of ThreadPool

2025-01-23 11:06:41,967 INFO Tomcat started on port(s): 8848 (http) with context path '/nacos'

2025-01-23 11:06:42,233 INFO No TaskScheduler/ScheduledExecutorService bean found for scheduled processing

2025-01-23 11:06:42,566 INFO Started Nacos in 166.135 seconds (JVM running for 168.822)

2025-01-23 11:06:42,581 INFO Nacos started successfully in stand alone mode. use embedded storage

