2025-01-23 11:04:31,774 INFO use local db service for init

2025-01-23 11:04:39,044 WARN Lexical error at line 4, column 66.  Encountered: <EOF> after : "".

2025-01-23 11:04:39,095 WARN Syntax error: Encountered "*" at line 1, column 1.

2025-01-23 11:04:39,397 WARN Table/View 'CONFIG_INFO' already exists in Schema 'NACOS'.

2025-01-23 11:04:39,629 WARN Table/View 'HIS_CONFIG_INFO' already exists in Schema 'NACOS'.

2025-01-23 11:04:39,717 WARN Table/View 'CONFIG_INFO_BETA' already exists in Schema 'NACOS'.

2025-01-23 11:04:39,758 WARN Table/View 'CONFIG_INFO_TAG' already exists in Schema 'NACOS'.

2025-01-23 11:04:39,789 WARN Table/View 'CONFIG_INFO_GRAY' already exists in Schema 'NACOS'.

2025-01-23 11:04:39,847 WARN Table/View 'APP_LIST' already exists in Schema 'NACOS'.

2025-01-23 11:04:39,871 WARN Table/View 'APP_CONFIGDATA_RELATION_SUBS' already exists in Schema 'NACOS'.

2025-01-23 11:04:39,907 WARN Table/View 'APP_CONFIGDATA_RELATION_PUBS' already exists in Schema 'NACOS'.

2025-01-23 11:04:39,931 WARN Table/View 'CONFIG_TAGS_RELATION' already exists in Schema 'NACOS'.

2025-01-23 11:04:39,969 WARN Table/View 'GROUP_CAPACITY' already exists in Schema 'NACOS'.

2025-01-23 11:04:40,004 WARN Table/View 'TENANT_CAPACITY' already exists in Schema 'NACOS'.

2025-01-23 11:04:40,025 WARN Table/View 'TENANT_INFO' already exists in Schema 'NACOS'.

2025-01-23 11:04:40,121 WARN Table/View 'USERS' already exists in Schema 'NACOS'.

2025-01-23 11:04:40,143 WARN Table/View 'ROLES' already exists in Schema 'NACOS'.

2025-01-23 11:04:40,165 WARN Table/View 'PERMISSIONS' already exists in Schema 'NACOS'.

2025-01-23 11:04:40,230 WARN Column 'SRC_IP' already exists in Table/View '"NACOS"."CONFIG_INFO_TAG"'.

2025-01-23 11:04:40,252 WARN Column 'SRC_IP' already exists in Table/View '"NACOS"."HIS_CONFIG_INFO"'.

2025-01-23 11:04:40,268 WARN Column 'SRC_IP' already exists in Table/View '"NACOS"."CONFIG_INFO"'.

2025-01-23 11:04:40,293 WARN Column 'SRC_IP' already exists in Table/View '"NACOS"."CONFIG_INFO_BETA"'.

2025-01-23 11:04:40,305 WARN Column 'PUBLISH_TYPE' already exists in Table/View '"NACOS"."HIS_CONFIG_INFO"'.

2025-01-23 11:04:40,321 WARN Column 'EXT_INFO' already exists in Table/View '"NACOS"."HIS_CONFIG_INFO"'.

2025-01-23 11:04:40,333 WARN Column 'GRAY_NAME' already exists in Table/View '"NACOS"."HIS_CONFIG_INFO"'.

2025-01-23 11:04:40,333 INFO use StandaloneDatabaseOperateImpl

