2025-01-23 11:04:52,681 INFO Not configure type of control plugin, no limit control for current node.

2025-01-23 11:04:52,731 INFO Load connection metrics collector,size=2,[com.alibaba.nacos.config.server.service.LongPollingConnectionMetricsCollector@4aa3d36, com.alibaba.nacos.core.remote.LongConnectionMetricsCollector@347bdeef]

2025-01-23 11:04:52,733 INFO No connection rule content found ,use default empty rule 

2025-01-23 11:04:52,909 INFO No tps control rule of CONFIG_PUSH_COUNT found,content =null  

2025-01-23 11:04:52,909 WARN Tps point for CONFIG_PUSH_COUNT registered, But tps control manager is no limit implementation.

2025-01-23 11:04:52,909 INFO No tps control rule of CONFIG_PUSH_SUCCESS found,content =null  

2025-01-23 11:04:52,909 WARN Tps point for CONFIG_PUSH_SUCCESS registered, But tps control manager is no limit implementation.

2025-01-23 11:04:52,909 INFO No tps control rule of CONFIG_PUSH_FAIL found,content =null  

2025-01-23 11:04:52,909 WARN Tps point for CONFIG_PUSH_FAIL registered, But tps control manager is no limit implementation.

2025-01-23 11:06:42,392 INFO No tps control rule of ConfigQuery found,content =null  

2025-01-23 11:06:42,393 WARN Tps point for ConfigQuery registered, But tps control manager is no limit implementation.

2025-01-23 11:06:42,394 INFO No tps control rule of ClusterConfigChangeNotify found,content =null  

2025-01-23 11:06:42,394 WARN Tps point for ClusterConfigChangeNotify registered, But tps control manager is no limit implementation.

2025-01-23 11:06:42,473 INFO No tps control rule of ConfigListen found,content =null  

2025-01-23 11:06:42,473 WARN Tps point for ConfigListen registered, But tps control manager is no limit implementation.

2025-01-23 11:06:42,474 INFO No tps control rule of ConfigRemove found,content =null  

2025-01-23 11:06:42,474 WARN Tps point for ConfigRemove registered, But tps control manager is no limit implementation.

2025-01-23 11:06:42,474 INFO No tps control rule of ConfigPublish found,content =null  

2025-01-23 11:06:42,474 WARN Tps point for ConfigPublish registered, But tps control manager is no limit implementation.

2025-01-23 11:06:42,474 INFO No tps control rule of HealthCheck found,content =null  

2025-01-23 11:06:42,474 WARN Tps point for HealthCheck registered, But tps control manager is no limit implementation.

2025-01-23 11:06:42,477 INFO No tps control rule of RemoteNamingServiceQuery found,content =null  

2025-01-23 11:06:42,477 WARN Tps point for RemoteNamingServiceQuery registered, But tps control manager is no limit implementation.

2025-01-23 11:06:42,478 INFO No tps control rule of RemoteNamingInstanceBatchRegister found,content =null  

2025-01-23 11:06:42,478 WARN Tps point for RemoteNamingInstanceBatchRegister registered, But tps control manager is no limit implementation.

2025-01-23 11:06:42,479 INFO No tps control rule of RemoteNamingInstanceRegisterDeregister found,content =null  

2025-01-23 11:06:42,479 WARN Tps point for RemoteNamingInstanceRegisterDeregister registered, But tps control manager is no limit implementation.

2025-01-23 11:06:42,479 INFO No tps control rule of RemoteNamingServiceListQuery found,content =null  

2025-01-23 11:06:42,480 WARN Tps point for RemoteNamingServiceListQuery registered, But tps control manager is no limit implementation.

2025-01-23 11:06:42,481 INFO No tps control rule of RemoteNamingServiceSubscribeUnSubscribe found,content =null  

2025-01-23 11:06:42,481 WARN Tps point for RemoteNamingServiceSubscribeUnSubscribe registered, But tps control manager is no limit implementation.

2025-01-23 11:06:42,482 WARN Tps point for RemoteNamingInstanceRegisterDeregister registered, But tps control manager is no limit implementation.

2025-01-23 11:06:42,486 INFO No tps control rule of NamingInstanceUpdate found,content =null  

2025-01-23 11:06:42,487 WARN Tps point for NamingInstanceUpdate registered, But tps control manager is no limit implementation.

2025-01-23 11:06:42,487 INFO No tps control rule of NamingServiceDeregister found,content =null  

2025-01-23 11:06:42,488 WARN Tps point for NamingServiceDeregister registered, But tps control manager is no limit implementation.

2025-01-23 11:06:42,494 INFO No tps control rule of NamingInstanceMetadataUpdate found,content =null  

2025-01-23 11:06:42,494 WARN Tps point for NamingInstanceMetadataUpdate registered, But tps control manager is no limit implementation.

2025-01-23 11:06:42,495 INFO No tps control rule of NamingServiceQuery found,content =null  

2025-01-23 11:06:42,495 WARN Tps point for NamingServiceQuery registered, But tps control manager is no limit implementation.

2025-01-23 11:06:42,496 INFO No tps control rule of NamingServiceListQuery found,content =null  

2025-01-23 11:06:42,496 WARN Tps point for NamingServiceListQuery registered, But tps control manager is no limit implementation.

2025-01-23 11:06:42,496 INFO No tps control rule of NamingServiceSubscribe found,content =null  

2025-01-23 11:06:42,497 WARN Tps point for NamingServiceSubscribe registered, But tps control manager is no limit implementation.

2025-01-23 11:06:42,497 INFO No tps control rule of NamingInstanceRegister found,content =null  

2025-01-23 11:06:42,497 WARN Tps point for NamingInstanceRegister registered, But tps control manager is no limit implementation.

2025-01-23 11:06:42,497 WARN Tps point for NamingInstanceMetadataUpdate registered, But tps control manager is no limit implementation.

2025-01-23 11:06:42,498 INFO No tps control rule of HttpHealthCheck found,content =null  

2025-01-23 11:06:42,498 WARN Tps point for HttpHealthCheck registered, But tps control manager is no limit implementation.

2025-01-23 11:06:42,498 WARN Tps point for ConfigPublish registered, But tps control manager is no limit implementation.

2025-01-23 11:06:42,499 INFO No tps control rule of NamingServiceUpdate found,content =null  

2025-01-23 11:06:42,499 WARN Tps point for NamingServiceUpdate registered, But tps control manager is no limit implementation.

2025-01-23 11:06:42,499 INFO No tps control rule of NamingInstanceQuery found,content =null  

2025-01-23 11:06:42,499 WARN Tps point for NamingInstanceQuery registered, But tps control manager is no limit implementation.

2025-01-23 11:06:42,500 WARN Tps point for NamingServiceListQuery registered, But tps control manager is no limit implementation.

2025-01-23 11:06:42,500 WARN Tps point for ConfigQuery registered, But tps control manager is no limit implementation.

2025-01-23 11:06:42,500 INFO No tps control rule of NamingInstanceDeregister found,content =null  

2025-01-23 11:06:42,500 WARN Tps point for NamingInstanceDeregister registered, But tps control manager is no limit implementation.

2025-01-23 11:06:42,501 WARN Tps point for NamingInstanceRegister registered, But tps control manager is no limit implementation.

2025-01-23 11:06:42,501 WARN Tps point for NamingServiceSubscribe registered, But tps control manager is no limit implementation.

2025-01-23 11:06:42,501 WARN Tps point for NamingInstanceQuery registered, But tps control manager is no limit implementation.

2025-01-23 11:06:42,501 WARN Tps point for NamingInstanceDeregister registered, But tps control manager is no limit implementation.

2025-01-23 11:06:42,502 WARN Tps point for NamingInstanceMetadataUpdate registered, But tps control manager is no limit implementation.

2025-01-23 11:06:42,502 WARN Tps point for NamingServiceUpdate registered, But tps control manager is no limit implementation.

2025-01-23 11:06:42,502 WARN Tps point for HttpHealthCheck registered, But tps control manager is no limit implementation.

2025-01-23 11:06:42,503 WARN Tps point for NamingInstanceMetadataUpdate registered, But tps control manager is no limit implementation.

2025-01-23 11:06:42,508 INFO No tps control rule of NamingServiceRegister found,content =null  

2025-01-23 11:06:42,508 WARN Tps point for NamingServiceRegister registered, But tps control manager is no limit implementation.

2025-01-23 11:06:42,509 WARN Tps point for NamingServiceQuery registered, But tps control manager is no limit implementation.

2025-01-23 11:06:42,509 WARN Tps point for NamingInstanceUpdate registered, But tps control manager is no limit implementation.

2025-01-23 11:06:42,509 WARN Tps point for NamingServiceDeregister registered, But tps control manager is no limit implementation.

2025-01-23 11:06:42,509 WARN Tps point for NamingServiceRegister registered, But tps control manager is no limit implementation.

