2025-01-23 11:04:51,755 INFO Fail to find connection runtime ejector for name nacos,use default

2025-01-23 11:04:52,765 INFO Connection check task start

2025-01-23 11:04:52,767 INFO Long connection metrics detail ,Total count =0, sdkCount=0,clusterCount=0

2025-01-23 11:04:52,768 INFO Out dated connection ,size=0

2025-01-23 11:04:52,768 INFO Connection check task end

2025-01-23 11:04:52,779 INFO ConnectionMetrics, totalCount = 0, detail = {long_connection=0, long_polling=0}

2025-01-23 11:04:55,779 INFO ConnectionMetrics, totalCount = 0, detail = {long_connection=0, long_polling=0}

2025-01-23 11:04:55,901 INFO Connection check task start

2025-01-23 11:04:55,901 INFO Long connection metrics detail ,Total count =0, sdkCount=0,clusterCount=0

2025-01-23 11:04:55,901 INFO Out dated connection ,size=0

2025-01-23 11:04:55,901 INFO Connection check task end

2025-01-23 11:04:58,781 INFO ConnectionMetrics, totalCount = 0, detail = {long_connection=0, long_polling=0}

2025-01-23 11:04:58,902 INFO Connection check task start

2025-01-23 11:04:58,902 INFO Long connection metrics detail ,Total count =0, sdkCount=0,clusterCount=0

2025-01-23 11:04:58,902 INFO Out dated connection ,size=0

2025-01-23 11:04:58,902 INFO Connection check task end

2025-01-23 11:05:01,782 INFO ConnectionMetrics, totalCount = 0, detail = {long_connection=0, long_polling=0}

2025-01-23 11:05:01,902 INFO Connection check task start

2025-01-23 11:05:01,907 INFO Long connection metrics detail ,Total count =0, sdkCount=0,clusterCount=0

2025-01-23 11:05:01,907 INFO Out dated connection ,size=0

2025-01-23 11:05:01,907 INFO Connection check task end

2025-01-23 11:05:04,782 INFO ConnectionMetrics, totalCount = 0, detail = {long_connection=0, long_polling=0}

2025-01-23 11:05:04,908 INFO Connection check task start

2025-01-23 11:05:04,908 INFO Long connection metrics detail ,Total count =0, sdkCount=0,clusterCount=0

2025-01-23 11:05:04,908 INFO Out dated connection ,size=0

2025-01-23 11:05:04,909 INFO Connection check task end

2025-01-23 11:05:14,712 INFO Connection check task start

2025-01-23 11:05:14,723 INFO Long connection metrics detail ,Total count =0, sdkCount=0,clusterCount=0

2025-01-23 11:05:14,724 INFO Out dated connection ,size=0

2025-01-23 11:05:14,726 INFO Connection check task end

2025-01-23 11:05:14,726 INFO ConnectionMetrics, totalCount = 0, detail = {long_connection=0, long_polling=0}

2025-01-23 11:05:19,684 INFO Connection check task start

2025-01-23 11:05:19,691 INFO ConnectionMetrics, totalCount = 0, detail = {long_connection=0, long_polling=0}

2025-01-23 11:05:19,692 INFO Long connection metrics detail ,Total count =0, sdkCount=0,clusterCount=0

2025-01-23 11:05:19,721 INFO Out dated connection ,size=0

2025-01-23 11:05:19,721 INFO Connection check task end

2025-01-23 11:05:22,715 INFO ConnectionMetrics, totalCount = 0, detail = {long_connection=0, long_polling=0}

2025-01-23 11:05:22,727 INFO Connection check task start

2025-01-23 11:05:22,727 INFO Long connection metrics detail ,Total count =0, sdkCount=0,clusterCount=0

2025-01-23 11:05:22,727 INFO Out dated connection ,size=0

2025-01-23 11:05:22,727 INFO Connection check task end

2025-01-23 11:05:25,734 INFO Connection check task start

2025-01-23 11:05:25,737 INFO Long connection metrics detail ,Total count =0, sdkCount=0,clusterCount=0

2025-01-23 11:05:25,742 INFO Out dated connection ,size=0

2025-01-23 11:05:25,742 INFO Connection check task end

2025-01-23 11:05:25,725 INFO ConnectionMetrics, totalCount = 0, detail = {long_connection=0, long_polling=0}

2025-01-23 11:05:28,755 INFO Connection check task start

2025-01-23 11:05:28,755 INFO ConnectionMetrics, totalCount = 0, detail = {long_connection=0, long_polling=0}

2025-01-23 11:05:28,758 INFO Long connection metrics detail ,Total count =0, sdkCount=0,clusterCount=0

2025-01-23 11:05:28,758 INFO Out dated connection ,size=0

2025-01-23 11:05:28,758 INFO Connection check task end

2025-01-23 11:05:31,758 INFO ConnectionMetrics, totalCount = 0, detail = {long_connection=0, long_polling=0}

2025-01-23 11:05:31,759 INFO Connection check task start

2025-01-23 11:05:31,762 INFO Long connection metrics detail ,Total count =0, sdkCount=0,clusterCount=0

2025-01-23 11:05:31,762 INFO Out dated connection ,size=0

2025-01-23 11:05:31,762 INFO Connection check task end

2025-01-23 11:05:34,762 INFO ConnectionMetrics, totalCount = 0, detail = {long_connection=0, long_polling=0}

2025-01-23 11:05:34,762 INFO Connection check task start

2025-01-23 11:05:34,762 INFO Long connection metrics detail ,Total count =0, sdkCount=0,clusterCount=0

2025-01-23 11:05:34,763 INFO Out dated connection ,size=0

2025-01-23 11:05:34,763 INFO Connection check task end

2025-01-23 11:05:37,762 INFO ConnectionMetrics, totalCount = 0, detail = {long_connection=0, long_polling=0}

2025-01-23 11:05:37,763 INFO Connection check task start

2025-01-23 11:05:37,763 INFO Long connection metrics detail ,Total count =0, sdkCount=0,clusterCount=0

2025-01-23 11:05:37,764 INFO Out dated connection ,size=0

2025-01-23 11:05:37,764 INFO Connection check task end

2025-01-23 11:05:40,778 INFO Connection check task start

2025-01-23 11:05:40,778 INFO ConnectionMetrics, totalCount = 0, detail = {long_connection=0, long_polling=0}

2025-01-23 11:05:40,784 INFO Long connection metrics detail ,Total count =0, sdkCount=0,clusterCount=0

2025-01-23 11:05:40,784 INFO Out dated connection ,size=0

2025-01-23 11:05:40,784 INFO Connection check task end

2025-01-23 11:05:45,683 INFO Connection check task start

2025-01-23 11:05:45,711 INFO Long connection metrics detail ,Total count =0, sdkCount=0,clusterCount=0

2025-01-23 11:05:45,712 INFO ConnectionMetrics, totalCount = 0, detail = {long_connection=0, long_polling=0}

2025-01-23 11:05:45,711 INFO Out dated connection ,size=0

2025-01-23 11:05:45,715 INFO Connection check task end

2025-01-23 11:05:48,718 INFO ConnectionMetrics, totalCount = 0, detail = {long_connection=0, long_polling=0}

2025-01-23 11:05:48,726 INFO Connection check task start

2025-01-23 11:05:48,743 INFO Long connection metrics detail ,Total count =0, sdkCount=0,clusterCount=0

2025-01-23 11:05:48,743 INFO Out dated connection ,size=0

2025-01-23 11:05:48,743 INFO Connection check task end

2025-01-23 11:05:51,745 INFO ConnectionMetrics, totalCount = 0, detail = {long_connection=0, long_polling=0}

2025-01-23 11:05:51,745 INFO Connection check task start

2025-01-23 11:05:51,792 INFO Long connection metrics detail ,Total count =0, sdkCount=0,clusterCount=0

2025-01-23 11:05:51,792 INFO Out dated connection ,size=0

2025-01-23 11:05:52,083 INFO Connection check task end

2025-01-23 11:05:55,127 INFO Connection check task start

2025-01-23 11:05:54,834 INFO ConnectionMetrics, totalCount = 0, detail = {long_connection=0, long_polling=0}

2025-01-23 11:05:56,088 INFO Long connection metrics detail ,Total count =0, sdkCount=0,clusterCount=0

2025-01-23 11:05:58,072 INFO Out dated connection ,size=0

2025-01-23 11:06:01,679 INFO Connection check task end

2025-01-23 11:06:01,647 INFO ConnectionMetrics, totalCount = 0, detail = {long_connection=0, long_polling=0}

2025-01-23 11:06:12,945 INFO Connection check task start

2025-01-23 11:06:13,678 INFO ConnectionMetrics, totalCount = 0, detail = {long_connection=0, long_polling=0}

2025-01-23 11:06:13,702 INFO Long connection metrics detail ,Total count =0, sdkCount=0,clusterCount=0

2025-01-23 11:06:15,756 INFO Out dated connection ,size=0

2025-01-23 11:06:16,788 INFO ConnectionMetrics, totalCount = 0, detail = {long_connection=0, long_polling=0}

2025-01-23 11:06:20,029 INFO Connection check task end

2025-01-23 11:06:23,434 INFO ConnectionMetrics, totalCount = 0, detail = {long_connection=0, long_polling=0}

2025-01-23 11:06:24,884 INFO Connection check task start

2025-01-23 11:06:26,797 INFO Long connection metrics detail ,Total count =0, sdkCount=0,clusterCount=0

2025-01-23 11:06:27,153 INFO Out dated connection ,size=0

2025-01-23 11:06:27,469 INFO Connection check task end

2025-01-23 11:06:29,613 INFO ConnectionMetrics, totalCount = 0, detail = {long_connection=0, long_polling=0}

2025-01-23 11:06:31,396 INFO Connection check task start

2025-01-23 11:06:32,311 INFO Long connection metrics detail ,Total count =0, sdkCount=0,clusterCount=0

2025-01-23 11:06:33,564 INFO ConnectionMetrics, totalCount = 0, detail = {long_connection=0, long_polling=0}

2025-01-23 11:06:33,973 INFO Out dated connection ,size=0

2025-01-23 11:06:35,926 INFO Connection check task end

2025-01-23 11:06:37,994 INFO ConnectionMetrics, totalCount = 0, detail = {long_connection=0, long_polling=0}

2025-01-23 11:06:40,523 INFO Connection check task start

2025-01-23 11:06:40,529 INFO Long connection metrics detail ,Total count =0, sdkCount=0,clusterCount=0

2025-01-23 11:06:40,529 INFO Out dated connection ,size=0

2025-01-23 11:06:40,530 INFO Connection check task end

2025-01-23 11:06:41,013 INFO ConnectionMetrics, totalCount = 0, detail = {long_connection=0, long_polling=0}

