2025-01-23 11:04:30,683 INFO [ClientConnectionEventListenerRegistry] registry listener - ConnectionBasedClientManager

2025-01-23 11:04:52,922 INFO [ClientConnectionEventListenerRegistry] registry listener - ConfigConnectionEventListener

2025-01-23 11:04:55,026 INFO Nacos GrpcSdkServer Rpc server starting at port 9848

2025-01-23 11:04:57,316 INFO Load ProtocolNegotiatorBuilder com.alibaba.nacos.core.remote.grpc.negotiator.tls.SdkDefaultTlsProtocolNegotiatorBuilder for type DEFAULT_TLS

2025-01-23 11:04:57,317 INFO Load ProtocolNegotiatorBuilder com.alibaba.nacos.core.remote.grpc.negotiator.tls.ClusterDefaultTlsProtocolNegotiatorBuilder for type CLUSTER_DEFAULT_TLS

2025-01-23 11:04:57,317 WARN Not found ProtocolNegotiatorBuilder for type nacos.remote.server.rpc.protocol.negotiator.type, will use default type nacos.remote.server.rpc.protocol.negotiator.type

2025-01-23 11:04:57,340 WARN Recommended use 'nacos.remote.server.grpc.sdk.max-inbound-message-size' property instead 'nacos.remote.server.grpc.maxinbound.message.size', now property value is 10485760

2025-01-23 11:04:58,511 INFO Ssl Context auto refresh is not supported.

2025-01-23 11:04:58,511 INFO Ssl Context auto refresh is not supported.

2025-01-23 11:04:58,511 INFO RpcServerSslContextRefresher initialization completed.

2025-01-23 11:04:58,511 INFO Nacos GrpcSdkServer Rpc server started at port 9848

2025-01-23 11:04:58,567 INFO Nacos GrpcClusterServer Rpc server starting at port 9849

2025-01-23 11:04:58,591 WARN Not found ProtocolNegotiatorBuilder for type nacos.remote.cluster.server.rpc.protocol.negotiator.type, will use default type nacos.remote.cluster.server.rpc.protocol.negotiator.type

2025-01-23 11:04:58,619 WARN Recommended use 'nacos.remote.server.grpc.cluster.max-inbound-message-size' property instead 'nacos.remote.server.grpc.maxinbound.message.size', now property value is 10485760

2025-01-23 11:04:58,671 INFO Nacos GrpcClusterServer Rpc server started at port 9849

2025-01-23 11:04:59,094 INFO [ClientConnectionEventListenerRegistry] registry listener - RpcAckCallbackInitorOrCleaner

2025-01-23 11:06:40,386 INFO Nacos GrpcSdkServer Rpc server stopping

2025-01-23 11:06:40,378 INFO Nacos GrpcClusterServer Rpc server stopping

2025-01-23 11:06:41,421 INFO Nacos GrpcClusterServer Rpc server stopped successfully...

2025-01-23 11:06:41,422 INFO Nacos GrpcSdkServer Rpc server stopped successfully...

